[I 07:42:10.689 NotebookApp] Serving notebooks from local directory: /home/nidhisharma0059/email-semantic-segmentation
[I 07:42:10.689 NotebookApp] The Jupyter Notebook is running at:
[I 07:42:10.689 NotebookApp] http://localhost:5153/
[I 07:42:10.689 NotebookApp] Use Control-C to stop this server and shut down all kernels (twice to skip confirmation).
[I 07:42:25.213 NotebookApp] 302 POST /login?next=%2Ftree%3F (127.0.0.1) 1.70ms
[I 09:00:15.702 NotebookApp] Creating new notebook in 
[I 09:00:55.772 NotebookApp] Kernel started: b0aab85b-0999-4c8d-9e7e-4616890c80b1
[I 09:02:56.314 NotebookApp] Saving file at /Untitled.ipynb
[I 09:04:56.022 NotebookApp] Saving file at /text-exxtraction.ipynb
[I 09:08:56.605 NotebookApp] Saving file at /text-exxtraction.ipynb
[I 09:10:56.893 NotebookApp] Saving file at /text-exxtraction.ipynb
[I 09:12:56.882 NotebookApp] Saving file at /text-exxtraction.ipynb
[I 09:18:56.868 NotebookApp] Saving file at /text-exxtraction.ipynb
[I 09:20:56.251 NotebookApp] Saving file at /text-exxtraction.ipynb
[I 09:22:43.187 NotebookApp] Kernel interrupted: b0aab85b-0999-4c8d-9e7e-4616890c80b1
[I 09:22:45.939 NotebookApp] Kernel restarted: b0aab85b-0999-4c8d-9e7e-4616890c80b1
[I 09:22:45.941 NotebookApp] Starting buffering for b0aab85b-0999-4c8d-9e7e-4616890c80b1:afc7a1d0846c4a9993f3985a1d54b069
[I 09:22:47.007 NotebookApp] Restoring connection for b0aab85b-0999-4c8d-9e7e-4616890c80b1:afc7a1d0846c4a9993f3985a1d54b069
[I 09:22:47.007 NotebookApp] Replaying 5 buffered messages
[I 09:22:56.597 NotebookApp] Saving file at /text-exxtraction.ipynb
[I 09:24:56.860 NotebookApp] Saving file at /text-exxtraction.ipynb
[I 09:26:56.846 NotebookApp] Saving file at /text-exxtraction.ipynb
[I 09:28:56.260 NotebookApp] Saving file at /text-exxtraction.ipynb
[I 09:41:51.915 NotebookApp] Kernel interrupted: b0aab85b-0999-4c8d-9e7e-4616890c80b1
[I 09:42:08.720 NotebookApp] Kernel interrupted: b0aab85b-0999-4c8d-9e7e-4616890c80b1
[I 09:42:16.261 NotebookApp] Starting buffering for b0aab85b-0999-4c8d-9e7e-4616890c80b1:afc7a1d0846c4a9993f3985a1d54b069
[I 09:42:16.573 NotebookApp] Kernel restarted: b0aab85b-0999-4c8d-9e7e-4616890c80b1
[I 09:42:17.622 NotebookApp] Restoring connection for b0aab85b-0999-4c8d-9e7e-4616890c80b1:afc7a1d0846c4a9993f3985a1d54b069
[I 09:42:17.622 NotebookApp] Replaying 3 buffered messages
[I 09:42:57.321 NotebookApp] Saving file at /text-exxtraction.ipynb
[I 09:44:56.771 NotebookApp] Saving file at /text-exxtraction.ipynb
[I 09:45:04.774 NotebookApp] Starting buffering for b0aab85b-0999-4c8d-9e7e-4616890c80b1:afc7a1d0846c4a9993f3985a1d54b069
[I 09:45:09.798 NotebookApp] Kernel restarted: b0aab85b-0999-4c8d-9e7e-4616890c80b1
[I 09:45:10.871 NotebookApp] Restoring connection for b0aab85b-0999-4c8d-9e7e-4616890c80b1:afc7a1d0846c4a9993f3985a1d54b069
[I 09:45:10.871 NotebookApp] Replaying 19 buffered messages
[I 09:46:57.287 NotebookApp] Saving file at /text-exxtraction.ipynb
[I 10:04:56.851 NotebookApp] Saving file at /text-exxtraction.ipynb
[I 10:06:56.258 NotebookApp] Saving file at /text-exxtraction.ipynb
[I 10:08:56.236 NotebookApp] Saving file at /text-exxtraction.ipynb
[I 10:10:56.248 NotebookApp] Saving file at /text-exxtraction.ipynb
[I 10:11:52.830 NotebookApp] Saving file at /text-exxtraction.ipynb
[I 10:11:52.858 NotebookApp] Saving file at /text-exxtraction.ipynb
[I 10:11:53.116 NotebookApp] Saving file at /text-exxtraction.ipynb
[I 10:11:53.375 NotebookApp] Saving file at /text-exxtraction.ipynb
[I 10:12:55.979 NotebookApp] Saving file at /text-exxtraction.ipynb
[I 10:18:56.250 NotebookApp] Saving file at /text-exxtraction.ipynb
[I 10:20:41.146 NotebookApp] Saving file at /text-exxtraction.ipynb
[I 10:20:41.408 NotebookApp] Saving file at /text-exxtraction.ipynb
[I 10:20:55.981 NotebookApp] Saving file at /text-exxtraction.ipynb
[I 10:21:54.786 NotebookApp] Saving file at /text-exxtraction.ipynb
[I 10:21:54.806 NotebookApp] Saving file at /text-exxtraction.ipynb
[I 10:21:59.084 NotebookApp] Saving file at /text-exxtraction.ipynb
[I 10:21:59.368 NotebookApp] Saving file at /text-exxtraction.ipynb
[I 10:21:59.394 NotebookApp] Saving file at /text-exxtraction.ipynb
[I 10:21:59.879 NotebookApp] Saving file at /text-exxtraction.ipynb
[I 10:22:00.127 NotebookApp] Saving file at /text-exxtraction.ipynb
[I 10:25:49.505 NotebookApp] 302 GET /tree? (127.0.0.1) 1.05ms
[I 10:26:26.587 NotebookApp] 302 GET /tree? (127.0.0.1) 0.84ms
[I 10:29:49.521 NotebookApp] Saving file at /text-exxtraction.ipynb
[I 10:29:49.769 NotebookApp] Saving file at /text-exxtraction.ipynb
[I 10:29:50.149 NotebookApp] Saving file at /text-exxtraction.ipynb
[I 10:29:56.779 NotebookApp] Saving file at /text-exxtraction.ipynb
[I 10:29:57.196 NotebookApp] Saving file at /text-exxtraction.ipynb
[I 10:29:57.334 NotebookApp] Saving file at /text-exxtraction.ipynb
[I 10:29:57.762 NotebookApp] Saving file at /text-exxtraction.ipynb
[I 10:29:58.019 NotebookApp] Saving file at /text-exxtraction.ipynb
[I 10:30:28.379 NotebookApp] Saving file at /text-exxtraction.ipynb
[I 10:30:28.722 NotebookApp] Saving file at /text-exxtraction.ipynb
[I 10:32:45.813 NotebookApp] Starting buffering for b0aab85b-0999-4c8d-9e7e-4616890c80b1:afc7a1d0846c4a9993f3985a1d54b069
[I 04:30:21.717 NotebookApp] 302 GET /tree? (127.0.0.1) 1.22ms
[I 04:30:34.966 NotebookApp] 302 POST /login?next=%2Ftree%3F (127.0.0.1) 1.80ms
[C 10:38:24.940 NotebookApp] received signal 15, stopping
[I 10:38:25.078 NotebookApp] Shutting down 1 kernel
[I 10:38:25.098 NotebookApp] Kernel shutdown: b0aab85b-0999-4c8d-9e7e-4616890c80b1
[I 10:47:37.477 NotebookApp] Serving notebooks from local directory: /home/nidhisharma0059/email-semantic-segmentation
[I 10:47:37.478 NotebookApp] The Jupyter Notebook is running at:
[I 10:47:37.478 NotebookApp] http://localhost:5153/
[I 10:47:37.478 NotebookApp] Use Control-C to stop this server and shut down all kernels (twice to skip confirmation).
[I 17:29:48.481 NotebookApp] Kernel started: 6c55c7c2-acbc-4196-9502-2c756cd9840c
[I 18:13:02.009 NotebookApp] Starting buffering for 6c55c7c2-acbc-4196-9502-2c756cd9840c:c457be0f6bdb44aa8a99b8bf04d70545
[I 18:44:30.837 NotebookApp] Restoring connection for 6c55c7c2-acbc-4196-9502-2c756cd9840c:c457be0f6bdb44aa8a99b8bf04d70545
[I 18:49:39.852 NotebookApp] Starting buffering for 6c55c7c2-acbc-4196-9502-2c756cd9840c:c457be0f6bdb44aa8a99b8bf04d70545
[I 19:01:50.414 NotebookApp] Restoring connection for 6c55c7c2-acbc-4196-9502-2c756cd9840c:c457be0f6bdb44aa8a99b8bf04d70545
[I 19:27:47.891 NotebookApp] Starting buffering for 6c55c7c2-acbc-4196-9502-2c756cd9840c:c457be0f6bdb44aa8a99b8bf04d70545
[I 20:28:40.131 NotebookApp] Restoring connection for 6c55c7c2-acbc-4196-9502-2c756cd9840c:c457be0f6bdb44aa8a99b8bf04d70545
[I 20:35:14.116 NotebookApp] Starting buffering for 6c55c7c2-acbc-4196-9502-2c756cd9840c:c457be0f6bdb44aa8a99b8bf04d70545
[I 10:46:48.697 NotebookApp] 302 GET / (127.0.0.1) 10.24ms
[I 10:46:48.968 NotebookApp] 302 GET /tree? (127.0.0.1) 10.16ms
[I 10:47:46.920 NotebookApp] 302 POST /login?next=%2Ftree%3F (127.0.0.1) 6.42ms
[I 10:53:35.342 NotebookApp] Creating new notebook in 
[I 10:54:46.907 NotebookApp] Kernel started: 232a2c27-19f4-46f1-9ed3-96b5c97463a3
[I 10:56:47.138 NotebookApp] Saving file at /Untitled.ipynb
[I 13:25:56.782 NotebookApp] Saving file at /text-exxtraction.ipynb
[I 13:27:57.027 NotebookApp] Saving file at /text-extraction.ipynb
[I 13:29:16.975 NotebookApp] Saving file at /text-extraction.ipynb
[I 13:29:17.830 NotebookApp] Saving file at /text-extraction.ipynb
[I 13:29:18.083 NotebookApp] Saving file at /text-extraction.ipynb
[W 13:29:28.068 NotebookApp] delete /Email_1.eml
[W 13:29:28.134 NotebookApp] delete /Email_2.eml
[W 13:29:31.641 NotebookApp] delete /emails
[I 13:29:37.848 NotebookApp] Saving file at /text-extraction.ipynb
[I 13:29:57.029 NotebookApp] Saving file at /text-extraction.ipynb
[I 13:31:57.026 NotebookApp] Saving file at /text-extraction.ipynb
[I 13:32:20.770 NotebookApp] Kernel interrupted: 6c55c7c2-acbc-4196-9502-2c756cd9840c
[I 13:33:57.030 NotebookApp] Saving file at /text-extraction.ipynb
[I 13:35:57.293 NotebookApp] Saving file at /text-extraction.ipynb
[I 13:37:56.831 NotebookApp] Saving file at /text-extraction.ipynb
[I 13:39:56.803 NotebookApp] Saving file at /text-extraction.ipynb
[I 13:40:05.722 NotebookApp] Starting buffering for 6c55c7c2-acbc-4196-9502-2c756cd9840c:a346081334f547b28d8e5cf810364d3a
[I 13:40:07.548 NotebookApp] Kernel restarted: 6c55c7c2-acbc-4196-9502-2c756cd9840c
[I 13:40:09.930 NotebookApp] Restoring connection for 6c55c7c2-acbc-4196-9502-2c756cd9840c:a346081334f547b28d8e5cf810364d3a
[I 13:40:09.930 NotebookApp] Replaying 6 buffered messages
[I 13:40:34.770 NotebookApp] Kernel interrupted: 6c55c7c2-acbc-4196-9502-2c756cd9840c
[I 13:40:39.044 NotebookApp] Kernel interrupted: 6c55c7c2-acbc-4196-9502-2c756cd9840c
[I 13:40:57.164 NotebookApp] New terminal with automatic name: 1
[W 13:41:39.932 NotebookApp] WebSocket ping timeout after 90002 ms.
[I 13:41:44.936 NotebookApp] Starting buffering for 6c55c7c2-acbc-4196-9502-2c756cd9840c:a346081334f547b28d8e5cf810364d3a
[I 13:41:56.933 NotebookApp] Saving file at /text-extraction.ipynb
[I 13:42:28.909 NotebookApp] Restoring connection for 6c55c7c2-acbc-4196-9502-2c756cd9840c:a346081334f547b28d8e5cf810364d3a
[I 13:43:56.579 NotebookApp] Saving file at /text-extraction.ipynb
[I 13:45:29.540 NotebookApp] Starting buffering for 232a2c27-19f4-46f1-9ed3-96b5c97463a3:5ea1e91a32be418ab6b46cdfac251ee6
[I 13:45:57.854 NotebookApp] Saving file at /text-extraction.ipynb
[I 13:46:05.592 NotebookApp] Kernel interrupted: 6c55c7c2-acbc-4196-9502-2c756cd9840c
[W 13:46:28.910 NotebookApp] WebSocket ping timeout after 119739 ms.
[I 13:46:33.041 NotebookApp] Starting buffering for 6c55c7c2-acbc-4196-9502-2c756cd9840c:a346081334f547b28d8e5cf810364d3a
[I 13:46:34.916 NotebookApp] Restoring connection for 6c55c7c2-acbc-4196-9502-2c756cd9840c:a346081334f547b28d8e5cf810364d3a
[I 13:47:56.794 NotebookApp] Saving file at /text-extraction.ipynb
[I 13:48:56.118 NotebookApp] Kernel interrupted: 6c55c7c2-acbc-4196-9502-2c756cd9840c
[I 13:49:57.031 NotebookApp] Saving file at /text-extraction.ipynb
[I 13:49:59.454 NotebookApp] Starting buffering for 6c55c7c2-acbc-4196-9502-2c756cd9840c:a346081334f547b28d8e5cf810364d3a
[I 13:50:00.081 NotebookApp] Kernel restarted: 6c55c7c2-acbc-4196-9502-2c756cd9840c
[I 13:50:01.873 NotebookApp] Restoring connection for 6c55c7c2-acbc-4196-9502-2c756cd9840c:a346081334f547b28d8e5cf810364d3a
[I 13:50:01.874 NotebookApp] Replaying 6 buffered messages
[I 13:51:57.065 NotebookApp] Saving file at /text-extraction.ipynb
[I 13:53:57.042 NotebookApp] Saving file at /text-extraction.ipynb
[I 13:54:27.176 NotebookApp] Saving file at /text-extraction.ipynb
[I 13:54:27.952 NotebookApp] Saving file at /text-extraction.ipynb
[I 13:54:28.034 NotebookApp] Saving file at /text-extraction.ipynb
[I 13:54:28.131 NotebookApp] Saving file at /text-extraction.ipynb
[I 13:54:28.234 NotebookApp] Saving file at /text-extraction.ipynb
[I 13:54:28.425 NotebookApp] Saving file at /text-extraction.ipynb
[I 13:54:28.852 NotebookApp] Saving file at /text-extraction.ipynb
[I 13:55:08.405 NotebookApp] Starting buffering for 6c55c7c2-acbc-4196-9502-2c756cd9840c:a346081334f547b28d8e5cf810364d3a
[I 13:47:01.048 NotebookApp] 302 GET / (127.0.0.1) 9.95ms
[I 13:47:01.391 NotebookApp] 302 GET /tree? (127.0.0.1) 5.63ms
[I 13:47:10.170 NotebookApp] 302 POST /login?next=%2Ftree%3F (127.0.0.1) 6.87ms
[I 13:50:46.386 NotebookApp] Saving file at /text-extraction.ipynb
[I 13:50:46.610 NotebookApp] Saving file at /text-extraction.ipynb
[I 13:51:21.171 NotebookApp] Saving file at /text-extraction.ipynb
[I 13:53:34.690 NotebookApp] Saving file at /text-extraction.ipynb
[I 13:55:48.638 NotebookApp] Saving file at /text-extraction.ipynb
[W 13:57:53.754 NotebookApp] WebSocket ping timeout after 119694 ms.
[I 13:57:58.758 NotebookApp] Starting buffering for 6c55c7c2-acbc-4196-9502-2c756cd9840c:859f19186ec5425c85c3cb96406ea24c
[W 13:58:13.376 NotebookApp] WebSocket ping timeout after 119557 ms.
[I 13:58:18.380 NotebookApp] Starting buffering for 232a2c27-19f4-46f1-9ed3-96b5c97463a3:cc05f3c06d5e4af38099905d63c17ab3
[I 14:12:45.444 NotebookApp] Saving file at /text-extraction.ipynb
[W 14:15:08.272 NotebookApp] WebSocket ping timeout after 119688 ms.
[I 14:15:13.277 NotebookApp] Starting buffering for 6c55c7c2-acbc-4196-9502-2c756cd9840c:3484c993cd5a469f83fc9e562e15de0d
[I 14:26:15.309 NotebookApp] Saving file at /text-extraction.ipynb
[I 14:28:14.701 NotebookApp] Saving file at /text-extraction.ipynb
[I 14:36:32.884 NotebookApp] Saving file at /text-extraction.ipynb
[I 14:40:46.711 NotebookApp] Saving file at /text-extraction.ipynb
[I 14:48:37.755 NotebookApp] Saving file at /text-extraction.ipynb
[I 14:49:58.280 NotebookApp] Starting buffering for 6c55c7c2-acbc-4196-9502-2c756cd9840c:1f0cca9681bf489a8d7873209bfc39ad
[I 15:06:07.025 NotebookApp] Restoring connection for 6c55c7c2-acbc-4196-9502-2c756cd9840c:1f0cca9681bf489a8d7873209bfc39ad
[I 15:09:17.324 NotebookApp] Saving file at /text-extraction.ipynb
[I 15:17:04.396 NotebookApp] Kernel interrupted: 6c55c7c2-acbc-4196-9502-2c756cd9840c
[I 15:18:04.429 NotebookApp] Saving file at /text-extraction.ipynb
[I 15:18:06.938 NotebookApp] Kernel interrupted: 6c55c7c2-acbc-4196-9502-2c756cd9840c
[W 15:20:37.027 NotebookApp] WebSocket ping timeout after 119267 ms.
[I 15:20:42.040 NotebookApp] Starting buffering for 6c55c7c2-acbc-4196-9502-2c756cd9840c:1f0cca9681bf489a8d7873209bfc39ad
[I 15:25:06.744 NotebookApp] Starting buffering for 6c55c7c2-acbc-4196-9502-2c756cd9840c:334a7074f7be438a8b1fcca22c13360b
[I 15:25:13.632 NotebookApp] Kernel restarted: 6c55c7c2-acbc-4196-9502-2c756cd9840c
[I 15:25:18.031 NotebookApp] Restoring connection for 6c55c7c2-acbc-4196-9502-2c756cd9840c:334a7074f7be438a8b1fcca22c13360b
[I 15:25:18.032 NotebookApp] Replaying 3 buffered messages
[I 15:26:14.484 NotebookApp] Saving file at /text-extraction.ipynb
[I 15:29:30.115 NotebookApp] Saving file at /text-extraction.ipynb
[I 15:32:08.456 NotebookApp] Saving file at /text-extraction.ipynb
[I 15:35:42.360 NotebookApp] Saving file at /text-extraction.ipynb
[I 15:41:37.767 NotebookApp] Saving file at /text-extraction.ipynb
[I 15:47:40.711 NotebookApp] Saving file at /text-extraction.ipynb
[I 15:54:50.086 NotebookApp] Starting buffering for 6c55c7c2-acbc-4196-9502-2c756cd9840c:334a7074f7be438a8b1fcca22c13360b
[I 15:54:52.522 NotebookApp] Saving file at /text-extraction.ipynb
[I 15:55:01.201 NotebookApp] Kernel restarted: 6c55c7c2-acbc-4196-9502-2c756cd9840c
[I 15:55:03.134 NotebookApp] Restoring connection for 6c55c7c2-acbc-4196-9502-2c756cd9840c:334a7074f7be438a8b1fcca22c13360b
[I 15:55:03.135 NotebookApp] Replaying 6 buffered messages
[I 16:09:33.206 NotebookApp] Starting buffering for 6c55c7c2-acbc-4196-9502-2c756cd9840c:334a7074f7be438a8b1fcca22c13360b
[I 16:13:15.796 NotebookApp] Saving file at /text-extraction.ipynb
[I 16:13:54.016 NotebookApp] New terminal with automatic name: 2
[I 16:14:44.494 NotebookApp] Saving file at /text-extraction.ipynb
[I 16:16:38.930 NotebookApp] Saving file at /text-extraction.ipynb
[I 16:19:19.495 NotebookApp] Saving file at /text-extraction.ipynb
[I 16:35:25.333 NotebookApp] Starting buffering for 6c55c7c2-acbc-4196-9502-2c756cd9840c:420120ded29e42cfaa110bfe5f6221c4
[I 16:36:13.731 NotebookApp] Restoring connection for 6c55c7c2-acbc-4196-9502-2c756cd9840c:420120ded29e42cfaa110bfe5f6221c4
[I 16:36:13.731 NotebookApp] Replaying 168 buffered messages
[I 16:57:36.517 NotebookApp] Saving file at /text-extraction.ipynb
[W 16:57:43.522 NotebookApp] IOPub data rate exceeded.
    The notebook server will temporarily stop sending output
    to the client in order to avoid crashing it.
    To change this limit, set the config variable
    `--NotebookApp.iopub_data_rate_limit`.
    
    Current values:
    NotebookApp.iopub_data_rate_limit=1000000.0 (bytes/sec)
    NotebookApp.rate_limit_window=3.0 (secs)
    
[I 16:57:44.563 NotebookApp] Saving file at /text-extraction.ipynb
[I 17:02:19.194 NotebookApp] Kernel interrupted: 6c55c7c2-acbc-4196-9502-2c756cd9840c
[I 17:05:05.203 NotebookApp] Starting buffering for 6c55c7c2-acbc-4196-9502-2c756cd9840c:420120ded29e42cfaa110bfe5f6221c4
[I 17:07:38.648 NotebookApp] Starting buffering for 6c55c7c2-acbc-4196-9502-2c756cd9840c:b66c0d1c22b346dd8d65e449a2de82ae
[I 17:07:43.759 NotebookApp] Kernel restarted: 6c55c7c2-acbc-4196-9502-2c756cd9840c
[I 17:07:45.816 NotebookApp] Restoring connection for 6c55c7c2-acbc-4196-9502-2c756cd9840c:b66c0d1c22b346dd8d65e449a2de82ae
[I 17:07:45.816 NotebookApp] Replaying 3 buffered messages
[I 17:10:42.413 NotebookApp] Saving file at /text-extraction.ipynb
[W 17:12:47.853 NotebookApp] IOPub data rate exceeded.
    The notebook server will temporarily stop sending output
    to the client in order to avoid crashing it.
    To change this limit, set the config variable
    `--NotebookApp.iopub_data_rate_limit`.
    
    Current values:
    NotebookApp.iopub_data_rate_limit=1000000.0 (bytes/sec)
    NotebookApp.rate_limit_window=3.0 (secs)
    
[I 17:13:26.046 NotebookApp] Kernel interrupted: 6c55c7c2-acbc-4196-9502-2c756cd9840c
[I 17:20:38.931 NotebookApp] Starting buffering for 6c55c7c2-acbc-4196-9502-2c756cd9840c:b66c0d1c22b346dd8d65e449a2de82ae
[I 07:25:25.676 NotebookApp] 302 GET / (127.0.0.1) 4.42ms
[I 07:26:09.997 NotebookApp] Discarding 4 buffered messages for 6c55c7c2-acbc-4196-9502-2c756cd9840c:b66c0d1c22b346dd8d65e449a2de82ae
[I 07:26:28.151 NotebookApp] Kernel interrupted: 6c55c7c2-acbc-4196-9502-2c756cd9840c
[I 07:27:19.663 NotebookApp] Saving file at /text-extraction.ipynb
[W 07:29:14.560 NotebookApp] IOPub data rate exceeded.
    The notebook server will temporarily stop sending output
    to the client in order to avoid crashing it.
    To change this limit, set the config variable
    `--NotebookApp.iopub_data_rate_limit`.
    
    Current values:
    NotebookApp.iopub_data_rate_limit=1000000.0 (bytes/sec)
    NotebookApp.rate_limit_window=3.0 (secs)
    
[I 07:29:14.670 NotebookApp] Saving file at /text-extraction.ipynb
[I 07:29:30.375 NotebookApp] Saving file at /text-extraction.ipynb
[I 07:35:47.793 NotebookApp] Saving file at /text-extraction.ipynb
[I 08:35:52.147 NotebookApp] Starting buffering for 6c55c7c2-acbc-4196-9502-2c756cd9840c:ab9526cfdb374aca8de275a63a267d8f
